make: Nothing to be done for 'makefile'.
time ./main.exe single-read 12 14 seed_heuristic Yes Yes <testsingleread.in
reading reference: 0.024048s.
constructing trie: 3.03233s.

Query 1:
Reading query: 7.1e-05s.
breaking query into seeds: 0.000134s.
Precompute of crumbs: 5e-06s.
Missing crumbs in the root of the trie tree: 17
Expanded states: 26125
Cost: 6
Alignment: 4.21841s.
Cleaning help vectors: 0.00301s.

Query 2:
Reading query: 1.7e-05s.
breaking query into seeds: 0.000756s.
Precompute of crumbs: 4e-06s.
Missing crumbs in the root of the trie tree: 17
Expanded states: 4889
Cost: 5
Alignment: 0.463977s.
Cleaning help vectors: 0.000621s.

Query 3:
Reading query: 1.6e-05s.
breaking query into seeds: 3.5e-05s.
Precompute of crumbs: 3e-06s.
Missing crumbs in the root of the trie tree: 17
Expanded states: 265
Cost: 2
Alignment: 0.004294s.
Cleaning help vectors: 2e-05s.

Query 4:
Reading query: 1.5e-05s.
breaking query into seeds: 6.7e-05s.
Precompute of crumbs: 2e-06s.
Missing crumbs in the root of the trie tree: 17
Expanded states: 524
Cost: 4
Alignment: 0.017502s.
Cleaning help vectors: 5.7e-05s.

Query 5:
Reading query: 2e-05s.
breaking query into seeds: 7e-05s.
Precompute of crumbs: 4e-06s.
Missing crumbs in the root of the trie tree: 17
Expanded states: 659
Cost: 6
Alignment: 0.031592s.
Cleaning help vectors: 6.9e-05s.

Query 6:
Reading query: 1.6e-05s.
breaking query into seeds: 2.9e-05s.
Precompute of crumbs: 3e-06s.
Missing crumbs in the root of the trie tree: 17
Expanded states: 252
Cost: 0
Alignment: 0.003359s.
Cleaning help vectors: 1.9e-05s.

Query 7:
Reading query: 1.5e-05s.
breaking query into seeds: 3.1e-05s.
Precompute of crumbs: 2e-06s.
Missing crumbs in the root of the trie tree: 17
Expanded states: 273
Cost: 3
Alignment: 0.003557s.
Cleaning help vectors: 2.4e-05s.

Query 8:
Reading query: 1.5e-05s.
breaking query into seeds: 2.8e-05s.
Precompute of crumbs: 3e-06s.
Missing crumbs in the root of the trie tree: 17
Expanded states: 259
Cost: 3
Alignment: 0.003679s.
Cleaning help vectors: 2e-05s.

Query 9:
Reading query: 1.5e-05s.
breaking query into seeds: 3.2e-05s.
Precompute of crumbs: 3e-06s.
Missing crumbs in the root of the trie tree: 17
Expanded states: 404
Cost: 7
Alignment: 0.003647s.
Cleaning help vectors: 1.8e-05s.

Query 10:
Reading query: 2.2e-05s.
breaking query into seeds: 2.7e-05s.
Precompute of crumbs: 3e-06s.
Missing crumbs in the root of the trie tree: 17
